# JRE version: Java(TM) SE Runtime Environment (7.0_79-b15) (build 1.7.0_79-b15)
# Java VM: Java HotSpot(TM) 64-Bit Server VM (24.79-b02 mixed mode windows-amd64 compressed oops)
Heap
 PSYoungGen      total 209408K, used 24764K [0x00000000eaa80000, 0x00000000f8080000, 0x0000000100000000)
  eden space 200192K, 7% used [0x00000000eaa80000,0x00000000eb9b3088,0x00000000f6e00000)
  from space 9216K, 99% used [0x00000000f6e00000,0x00000000f76fc020,0x00000000f7700000)
  to   space 8704K, 0% used [0x00000000f7700000,0x00000000f7700000,0x00000000f7f80000)
 ParOldGen       total 64000K, used 27334K [0x00000000c0000000, 0x00000000c3e80000, 0x00000000eaa80000)
  object space 64000K, 42% used [0x00000000c0000000,0x00000000c1ab1a18,0x00000000c3e80000)
 PSPermGen       total 35328K, used 35241K [0x00000000b0000000, 0x00000000b2280000, 0x00000000c0000000)
  object space 35328K, 99% used [0x00000000b0000000,0x00000000b226a648,0x00000000b2280000)
GC Heap History (10 events):
Event: 5.139 GC heap before
{Heap before GC invocations=5 (full 0):
 PSYoungGen      total 53760K, used 53744K [0x00000000eaa80000, 0x00000000ee280000, 0x0000000100000000)
  eden space 50176K, 100% used [0x00000000eaa80000,0x00000000edb80000,0x00000000edb80000)
  from space 3584K, 99% used [0x00000000edf00000,0x00000000ee27c010,0x00000000ee280000)
  to   space 3584K, 0% used [0x00000000edb80000,0x00000000edb80000,0x00000000edf00000)
 ParOldGen       total 64000K, used 7654K [0x00000000c0000000, 0x00000000c3e80000, 0x00000000eaa80000)
  object space 64000K, 11% used [0x00000000c0000000,0x00000000c0779b20,0x00000000c3e80000)
 PSPermGen       total 21504K, used 21311K [0x00000000b0000000, 0x00000000b1500000, 0x00000000c0000000)
  object space 21504K, 99% used [0x00000000b0000000,0x00000000b14cfe70,0x00000000b1500000)
Event: 5.151 GC heap after
Heap after GC invocations=5 (full 0):
 PSYoungGen      total 53760K, used 3572K [0x00000000eaa80000, 0x00000000f1d80000, 0x0000000100000000)
  eden space 50176K, 0% used [0x00000000eaa80000,0x00000000eaa80000,0x00000000edb80000)
  from space 3584K, 99% used [0x00000000edb80000,0x00000000edefd0f0,0x00000000edf00000)
  to   space 8704K, 0% used [0x00000000f1500000,0x00000000f1500000,0x00000000f1d80000)
 ParOldGen       total 64000K, used 11138K [0x00000000c0000000, 0x00000000c3e80000, 0x00000000eaa80000)
  object space 64000K, 17% used [0x00000000c0000000,0x00000000c0ae0aa8,0x00000000c3e80000)
 PSPermGen       total 21504K, used 21311K [0x00000000b0000000, 0x00000000b1500000, 0x00000000c0000000)
  object space 21504K, 99% used [0x00000000b0000000,0x00000000b14cfe70,0x00000000b1500000)
}
Event: 5.440 GC heap before
{Heap before GC invocations=6 (full 0):
 PSYoungGen      total 53760K, used 53748K [0x00000000eaa80000, 0x00000000f1d80000, 0x0000000100000000)
  eden space 50176K, 100% used [0x00000000eaa80000,0x00000000edb80000,0x00000000edb80000)
  from space 3584K, 99% used [0x00000000edb80000,0x00000000edefd0f0,0x00000000edf00000)
  to   space 8704K, 0% used [0x00000000f1500000,0x00000000f1500000,0x00000000f1d80000)
 ParOldGen       total 64000K, used 11138K [0x00000000c0000000, 0x00000000c3e80000, 0x00000000eaa80000)
  object space 64000K, 17% used [0x00000000c0000000,0x00000000c0ae0aa8,0x00000000c3e80000)
 PSPermGen       total 21504K, used 21317K [0x00000000b0000000, 0x00000000b1500000, 0x00000000c0000000)
  object space 21504K, 99% used [0x00000000b0000000,0x00000000b14d1498,0x00000000b1500000)
Event: 5.449 GC heap after
Heap after GC invocations=6 (full 0):
 PSYoungGen      total 109056K, used 3908K [0x00000000eaa80000, 0x00000000f1d80000, 0x0000000100000000)
  eden space 100352K, 0% used [0x00000000eaa80000,0x00000000eaa80000,0x00000000f0c80000)
  from space 8704K, 44% used [0x00000000f1500000,0x00000000f18d10e0,0x00000000f1d80000)
  to   space 8704K, 0% used [0x00000000f0c80000,0x00000000f0c80000,0x00000000f1500000)
 ParOldGen       total 64000K, used 11138K [0x00000000c0000000, 0x00000000c3e80000, 0x00000000eaa80000)
  object space 64000K, 17% used [0x00000000c0000000,0x00000000c0ae0aa8,0x00000000c3e80000)
 PSPermGen       total 21504K, used 21317K [0x00000000b0000000, 0x00000000b1500000, 0x00000000c0000000)
  object space 21504K, 99% used [0x00000000b0000000,0x00000000b14d1498,0x00000000b1500000)
}
Event: 5.915 GC heap before
{Heap before GC invocations=7 (full 0):
 PSYoungGen      total 109056K, used 104260K [0x00000000eaa80000, 0x00000000f1d80000, 0x0000000100000000)
  eden space 100352K, 100% used [0x00000000eaa80000,0x00000000f0c80000,0x00000000f0c80000)
  from space 8704K, 44% used [0x00000000f1500000,0x00000000f18d10e0,0x00000000f1d80000)
  to   space 8704K, 0% used [0x00000000f0c80000,0x00000000f0c80000,0x00000000f1500000)
 ParOldGen       total 64000K, used 11138K [0x00000000c0000000, 0x00000000c3e80000, 0x00000000eaa80000)
  object space 64000K, 17% used [0x00000000c0000000,0x00000000c0ae0aa8,0x00000000c3e80000)
 PSPermGen       total 21504K, used 21343K [0x00000000b0000000, 0x00000000b1500000, 0x00000000c0000000)
  object space 21504K, 99% used [0x00000000b0000000,0x00000000b14d7cd8,0x00000000b1500000)
Event: 5.925 GC heap after
Heap after GC invocations=7 (full 0):
 PSYoungGen      total 109056K, used 3560K [0x00000000eaa80000, 0x00000000f7f80000, 0x0000000100000000)
  eden space 100352K, 0% used [0x00000000eaa80000,0x00000000eaa80000,0x00000000f0c80000)
  from space 8704K, 40% used [0x00000000f0c80000,0x00000000f0ffa0e0,0x00000000f1500000)
  to   space 8704K, 0% used [0x00000000f7700000,0x00000000f7700000,0x00000000f7f80000)
 ParOldGen       total 64000K, used 12041K [0x00000000c0000000, 0x00000000c3e80000, 0x00000000eaa80000)
  object space 64000K, 18% used [0x00000000c0000000,0x00000000c0bc2660,0x00000000c3e80000)
 PSPermGen       total 21504K, used 21343K [0x00000000b0000000, 0x00000000b1500000, 0x00000000c0000000)
  object space 21504K, 99% used [0x00000000b0000000,0x00000000b14d7cd8,0x00000000b1500000)
}
Event: 6.398 GC heap before
{Heap before GC invocations=8 (full 0):
 PSYoungGen      total 109056K, used 103912K [0x00000000eaa80000, 0x00000000f7f80000, 0x0000000100000000)
  eden space 100352K, 100% used [0x00000000eaa80000,0x00000000f0c80000,0x00000000f0c80000)
  from space 8704K, 40% used [0x00000000f0c80000,0x00000000f0ffa0e0,0x00000000f1500000)
  to   space 8704K, 0% used [0x00000000f7700000,0x00000000f7700000,0x00000000f7f80000)
 ParOldGen       total 64000K, used 12041K [0x00000000c0000000, 0x00000000c3e80000, 0x00000000eaa80000)
  object space 64000K, 18% used [0x00000000c0000000,0x00000000c0bc2660,0x00000000c3e80000)
 PSPermGen       total 21504K, used 21363K [0x00000000b0000000, 0x00000000b1500000, 0x00000000c0000000)
  object space 21504K, 99% used [0x00000000b0000000,0x00000000b14dcf18,0x00000000b1500000)
Event: 6.406 GC heap after
Heap after GC invocations=8 (full 0):
 PSYoungGen      total 208896K, used 2436K [0x00000000eaa80000, 0x00000000f8080000, 0x0000000100000000)
  eden space 200192K, 0% used [0x00000000eaa80000,0x00000000eaa80000,0x00000000f6e00000)
  from space 8704K, 27% used [0x00000000f7700000,0x00000000f79610f0,0x00000000f7f80000)
  to   space 9216K, 0% used [0x00000000f6e00000,0x00000000f6e00000,0x00000000f7700000)
 ParOldGen       total 64000K, used 13635K [0x00000000c0000000, 0x00000000c3e80000, 0x00000000eaa80000)
  object space 64000K, 21% used [0x00000000c0000000,0x00000000c0d50e80,0x00000000c3e80000)
 PSPermGen       total 21504K, used 21363K [0x00000000b0000000, 0x00000000b1500000, 0x00000000c0000000)
  object space 21504K, 99% used [0x00000000b0000000,0x00000000b14dcf18,0x00000000b1500000)
}
Event: 15.079 GC heap before
{Heap before GC invocations=9 (full 0):
 PSYoungGen      total 208896K, used 202628K [0x00000000eaa80000, 0x00000000f8080000, 0x0000000100000000)
  eden space 200192K, 100% used [0x00000000eaa80000,0x00000000f6e00000,0x00000000f6e00000)
  from space 8704K, 27% used [0x00000000f7700000,0x00000000f79610f0,0x00000000f7f80000)
  to   space 9216K, 0% used [0x00000000f6e00000,0x00000000f6e00000,0x00000000f7700000)
 ParOldGen       total 64000K, used 13635K [0x00000000c0000000, 0x00000000c3e80000, 0x00000000eaa80000)
  object space 64000K, 21% used [0x00000000c0000000,0x00000000c0d50e80,0x00000000c3e80000)
 PSPermGen       total 33280K, used 32911K [0x00000000b0000000, 0x00000000b2080000, 0x00000000c0000000)
  object space 33280K, 98% used [0x00000000b0000000,0x00000000b2023e68,0x00000000b2080000)
Event: 15.114 GC heap after
Heap after GC invocations=9 (full 0):
 PSYoungGen      total 209408K, used 9200K [0x00000000eaa80000, 0x00000000f8080000, 0x0000000100000000)
  eden space 200192K, 0% used [0x00000000eaa80000,0x00000000eaa80000,0x00000000f6e00000)
  from space 9216K, 99% used [0x00000000f6e00000,0x00000000f76fc020,0x00000000f7700000)
  to   space 8704K, 0% used [0x00000000f7700000,0x00000000f7700000,0x00000000f7f80000)
 ParOldGen       total 64000K, used 27334K [0x00000000c0000000, 0x00000000c3e80000, 0x00000000eaa80000)
  object space 64000K, 42% used [0x00000000c0000000,0x00000000c1ab1a18,0x00000000c3e80000)
 PSPermGen       total 33280K, used 32911K [0x00000000b0000000, 0x00000000b2080000, 0x00000000c0000000)
  object space 33280K, 98% used [0x00000000b0000000,0x00000000b2023e68,0x00000000b2080000)
}

