# JRE version: Java(TM) SE Runtime Environment (7.0_79-b15) (build 1.7.0_79-b15)
# Java VM: Java HotSpot(TM) 64-Bit Server VM (24.79-b02 mixed mode windows-amd64 compressed oops)
Heap
 PSYoungGen      total 316928K, used 55398K [0x00000000eaa80000, 0x0000000100000000, 0x0000000100000000)
  eden space 303616K, 13% used [0x00000000eaa80000,0x00000000ed3999d8,0x00000000fd300000)
  from space 13312K, 100% used [0x00000000ff180000,0x00000000ffe80000,0x00000000ffe80000)
  to   space 23040K, 0% used [0x00000000fd300000,0x00000000fd300000,0x00000000fe980000)
 ParOldGen       total 64000K, used 44962K [0x00000000c0000000, 0x00000000c3e80000, 0x00000000eaa80000)
  object space 64000K, 70% used [0x00000000c0000000,0x00000000c2be8848,0x00000000c3e80000)
 PSPermGen       total 41984K, used 41765K [0x00000000b0000000, 0x00000000b2900000, 0x00000000c0000000)
  object space 41984K, 99% used [0x00000000b0000000,0x00000000b28c9718,0x00000000b2900000)
GC Heap History (10 events):
Event: 3.829 GC heap before
{Heap before GC invocations=6 (full 0):
 PSYoungGen      total 53760K, used 53748K [0x00000000eaa80000, 0x00000000f1d80000, 0x0000000100000000)
  eden space 50176K, 100% used [0x00000000eaa80000,0x00000000edb80000,0x00000000edb80000)
  from space 3584K, 99% used [0x00000000edb80000,0x00000000edefd0f0,0x00000000edf00000)
  to   space 8704K, 0% used [0x00000000f1500000,0x00000000f1500000,0x00000000f1d80000)
 ParOldGen       total 64000K, used 10383K [0x00000000c0000000, 0x00000000c3e80000, 0x00000000eaa80000)
  object space 64000K, 16% used [0x00000000c0000000,0x00000000c0a23e40,0x00000000c3e80000)
 PSPermGen       total 21504K, used 20503K [0x00000000b0000000, 0x00000000b1500000, 0x00000000c0000000)
  object space 21504K, 95% used [0x00000000b0000000,0x00000000b1405fc0,0x00000000b1500000)
Event: 3.837 GC heap after
Heap after GC invocations=6 (full 0):
 PSYoungGen      total 109056K, used 3924K [0x00000000eaa80000, 0x00000000f1d80000, 0x0000000100000000)
  eden space 100352K, 0% used [0x00000000eaa80000,0x00000000eaa80000,0x00000000f0c80000)
  from space 8704K, 45% used [0x00000000f1500000,0x00000000f18d50d0,0x00000000f1d80000)
  to   space 8704K, 0% used [0x00000000f0c80000,0x00000000f0c80000,0x00000000f1500000)
 ParOldGen       total 64000K, used 10383K [0x00000000c0000000, 0x00000000c3e80000, 0x00000000eaa80000)
  object space 64000K, 16% used [0x00000000c0000000,0x00000000c0a23e40,0x00000000c3e80000)
 PSPermGen       total 21504K, used 20503K [0x00000000b0000000, 0x00000000b1500000, 0x00000000c0000000)
  object space 21504K, 95% used [0x00000000b0000000,0x00000000b1405fc0,0x00000000b1500000)
}
Event: 4.736 GC heap before
{Heap before GC invocations=7 (full 0):
 PSYoungGen      total 109056K, used 104276K [0x00000000eaa80000, 0x00000000f1d80000, 0x0000000100000000)
  eden space 100352K, 100% used [0x00000000eaa80000,0x00000000f0c80000,0x00000000f0c80000)
  from space 8704K, 45% used [0x00000000f1500000,0x00000000f18d50d0,0x00000000f1d80000)
  to   space 8704K, 0% used [0x00000000f0c80000,0x00000000f0c80000,0x00000000f1500000)
 ParOldGen       total 64000K, used 10383K [0x00000000c0000000, 0x00000000c3e80000, 0x00000000eaa80000)
  object space 64000K, 16% used [0x00000000c0000000,0x00000000c0a23e40,0x00000000c3e80000)
 PSPermGen       total 22528K, used 22456K [0x00000000b0000000, 0x00000000b1600000, 0x00000000c0000000)
  object space 22528K, 99% used [0x00000000b0000000,0x00000000b15ee0c8,0x00000000b1600000)
Event: 4.748 GC heap after
Heap after GC invocations=7 (full 0):
 PSYoungGen      total 109056K, used 5965K [0x00000000eaa80000, 0x00000000f7e80000, 0x0000000100000000)
  eden space 100352K, 0% used [0x00000000eaa80000,0x00000000eaa80000,0x00000000f0c80000)
  from space 8704K, 68% used [0x00000000f0c80000,0x00000000f1253448,0x00000000f1500000)
  to   space 8192K, 0% used [0x00000000f7680000,0x00000000f7680000,0x00000000f7e80000)
 ParOldGen       total 64000K, used 11463K [0x00000000c0000000, 0x00000000c3e80000, 0x00000000eaa80000)
  object space 64000K, 17% used [0x00000000c0000000,0x00000000c0b31f68,0x00000000c3e80000)
 PSPermGen       total 22528K, used 22456K [0x00000000b0000000, 0x00000000b1600000, 0x00000000c0000000)
  object space 22528K, 99% used [0x00000000b0000000,0x00000000b15ee0c8,0x00000000b1600000)
}
Event: 5.187 GC heap before
{Heap before GC invocations=8 (full 0):
 PSYoungGen      total 109056K, used 106317K [0x00000000eaa80000, 0x00000000f7e80000, 0x0000000100000000)
  eden space 100352K, 100% used [0x00000000eaa80000,0x00000000f0c80000,0x00000000f0c80000)
  from space 8704K, 68% used [0x00000000f0c80000,0x00000000f1253448,0x00000000f1500000)
  to   space 8192K, 0% used [0x00000000f7680000,0x00000000f7680000,0x00000000f7e80000)
 ParOldGen       total 64000K, used 11463K [0x00000000c0000000, 0x00000000c3e80000, 0x00000000eaa80000)
  object space 64000K, 17% used [0x00000000c0000000,0x00000000c0b31f68,0x00000000c3e80000)
 PSPermGen       total 22528K, used 22479K [0x00000000b0000000, 0x00000000b1600000, 0x00000000c0000000)
  object space 22528K, 99% used [0x00000000b0000000,0x00000000b15f3ea0,0x00000000b1600000)
Event: 5.195 GC heap after
Heap after GC invocations=8 (full 0):
 PSYoungGen      total 208896K, used 3688K [0x00000000eaa80000, 0x00000000f7e80000, 0x0000000100000000)
  eden space 200704K, 0% used [0x00000000eaa80000,0x00000000eaa80000,0x00000000f6e80000)
  from space 8192K, 45% used [0x00000000f7680000,0x00000000f7a1a0e0,0x00000000f7e80000)
  to   space 8192K, 0% used [0x00000000f6e80000,0x00000000f6e80000,0x00000000f7680000)
 ParOldGen       total 64000K, used 13114K [0x00000000c0000000, 0x00000000c3e80000, 0x00000000eaa80000)
  object space 64000K, 20% used [0x00000000c0000000,0x00000000c0ccea48,0x00000000c3e80000)
 PSPermGen       total 22528K, used 22479K [0x00000000b0000000, 0x00000000b1600000, 0x00000000c0000000)
  object space 22528K, 99% used [0x00000000b0000000,0x00000000b15f3ea0,0x00000000b1600000)
}
Event: 10.126 GC heap before
{Heap before GC invocations=9 (full 0):
 PSYoungGen      total 208896K, used 204392K [0x00000000eaa80000, 0x00000000f7e80000, 0x0000000100000000)
  eden space 200704K, 100% used [0x00000000eaa80000,0x00000000f6e80000,0x00000000f6e80000)
  from space 8192K, 45% used [0x00000000f7680000,0x00000000f7a1a0e0,0x00000000f7e80000)
  to   space 8192K, 0% used [0x00000000f6e80000,0x00000000f6e80000,0x00000000f7680000)
 ParOldGen       total 64000K, used 13114K [0x00000000c0000000, 0x00000000c3e80000, 0x00000000eaa80000)
  object space 64000K, 20% used [0x00000000c0000000,0x00000000c0ccea48,0x00000000c3e80000)
 PSPermGen       total 31744K, used 31698K [0x00000000b0000000, 0x00000000b1f00000, 0x00000000c0000000)
  object space 31744K, 99% used [0x00000000b0000000,0x00000000b1ef4b28,0x00000000b1f00000)
Event: 10.147 GC heap after
Heap after GC invocations=9 (full 0):
 PSYoungGen      total 208896K, used 8176K [0x00000000eaa80000, 0x00000000ffe80000, 0x0000000100000000)
  eden space 200704K, 0% used [0x00000000eaa80000,0x00000000eaa80000,0x00000000f6e80000)
  from space 8192K, 99% used [0x00000000f6e80000,0x00000000f767c020,0x00000000f7680000)
  to   space 13312K, 0% used [0x00000000ff180000,0x00000000ff180000,0x00000000ffe80000)
 ParOldGen       total 64000K, used 23752K [0x00000000c0000000, 0x00000000c3e80000, 0x00000000eaa80000)
  object space 64000K, 37% used [0x00000000c0000000,0x00000000c17322c0,0x00000000c3e80000)
 PSPermGen       total 31744K, used 31698K [0x00000000b0000000, 0x00000000b1f00000, 0x00000000c0000000)
  object space 31744K, 99% used [0x00000000b0000000,0x00000000b1ef4b28,0x00000000b1f00000)
}
Event: 16.268 GC heap before
{Heap before GC invocations=10 (full 0):
 PSYoungGen      total 208896K, used 208880K [0x00000000eaa80000, 0x00000000ffe80000, 0x0000000100000000)
  eden space 200704K, 100% used [0x00000000eaa80000,0x00000000f6e80000,0x00000000f6e80000)
  from space 8192K, 99% used [0x00000000f6e80000,0x00000000f767c020,0x00000000f7680000)
  to   space 13312K, 0% used [0x00000000ff180000,0x00000000ff180000,0x00000000ffe80000)
 ParOldGen       total 64000K, used 23752K [0x00000000c0000000, 0x00000000c3e80000, 0x00000000eaa80000)
  object space 64000K, 37% used [0x00000000c0000000,0x00000000c17322c0,0x00000000c3e80000)
 PSPermGen       total 40448K, used 40028K [0x00000000b0000000, 0x00000000b2780000, 0x00000000c0000000)
  object space 40448K, 98% used [0x00000000b0000000,0x00000000b2717070,0x00000000b2780000)
Event: 16.345 GC heap after
Heap after GC invocations=10 (full 0):
 PSYoungGen      total 316928K, used 13312K [0x00000000eaa80000, 0x0000000100000000, 0x0000000100000000)
  eden space 303616K, 0% used [0x00000000eaa80000,0x00000000eaa80000,0x00000000fd300000)
  from space 13312K, 100% used [0x00000000ff180000,0x00000000ffe80000,0x00000000ffe80000)
  to   space 23040K, 0% used [0x00000000fd300000,0x00000000fd300000,0x00000000fe980000)
 ParOldGen       total 64000K, used 44962K [0x00000000c0000000, 0x00000000c3e80000, 0x00000000eaa80000)
  object space 64000K, 70% used [0x00000000c0000000,0x00000000c2be8848,0x00000000c3e80000)
 PSPermGen       total 40448K, used 40028K [0x00000000b0000000, 0x00000000b2780000, 0x00000000c0000000)
  object space 40448K, 98% used [0x00000000b0000000,0x00000000b2717070,0x00000000b2780000)
}

