# JRE version: Java(TM) SE Runtime Environment (7.0_79-b15) (build 1.7.0_79-b15)
# Java VM: Java HotSpot(TM) 64-Bit Server VM (24.79-b02 mixed mode windows-amd64 compressed oops)
Heap
 PSYoungGen      total 211456K, used 122497K [0x00000000eaa80000, 0x00000000f8180000, 0x0000000100000000)
  eden space 202752K, 60% used [0x00000000eaa80000,0x00000000f2220528,0x00000000f7080000)
  from space 8704K, 0% used [0x00000000f7080000,0x00000000f7080000,0x00000000f7900000)
  to   space 8192K, 0% used [0x00000000f7980000,0x00000000f7980000,0x00000000f8180000)
 ParOldGen       total 64000K, used 51871K [0x00000000c0000000, 0x00000000c3e80000, 0x00000000eaa80000)
  object space 64000K, 81% used [0x00000000c0000000,0x00000000c32a7ed8,0x00000000c3e80000)
 PSPermGen       total 83968K, used 48299K [0x00000000b0000000, 0x00000000b5200000, 0x00000000c0000000)
  object space 83968K, 57% used [0x00000000b0000000,0x00000000b2f2af98,0x00000000b5200000)
GC Heap History (10 events):
Event: 16.593 GC heap before
{Heap before GC invocations=14 (full 0):
 PSYoungGen      total 135680K, used 129150K [0x00000000eaa80000, 0x00000000f8280000, 0x0000000100000000)
  eden space 126464K, 100% used [0x00000000eaa80000,0x00000000f2600000,0x00000000f2600000)
  from space 9216K, 29% used [0x00000000f2600000,0x00000000f289fae8,0x00000000f2f00000)
  to   space 9216K, 0% used [0x00000000f7980000,0x00000000f7980000,0x00000000f8280000)
 ParOldGen       total 64000K, used 18627K [0x00000000c0000000, 0x00000000c3e80000, 0x00000000eaa80000)
  object space 64000K, 29% used [0x00000000c0000000,0x00000000c1230c90,0x00000000c3e80000)
 PSPermGen       total 24576K, used 24195K [0x00000000b0000000, 0x00000000b1800000, 0x00000000c0000000)
  object space 24576K, 98% used [0x00000000b0000000,0x00000000b17a0cb0,0x00000000b1800000)
Event: 16.601 GC heap after
Heap after GC invocations=14 (full 0):
 PSYoungGen      total 210944K, used 2656K [0x00000000eaa80000, 0x00000000f8180000, 0x0000000100000000)
  eden space 202752K, 0% used [0x00000000eaa80000,0x00000000eaa80000,0x00000000f7080000)
  from space 8192K, 32% used [0x00000000f7980000,0x00000000f7c181b0,0x00000000f8180000)
  to   space 8704K, 0% used [0x00000000f7080000,0x00000000f7080000,0x00000000f7900000)
 ParOldGen       total 64000K, used 20731K [0x00000000c0000000, 0x00000000c3e80000, 0x00000000eaa80000)
  object space 64000K, 32% used [0x00000000c0000000,0x00000000c143ec38,0x00000000c3e80000)
 PSPermGen       total 24576K, used 24195K [0x00000000b0000000, 0x00000000b1800000, 0x00000000c0000000)
  object space 24576K, 98% used [0x00000000b0000000,0x00000000b17a0cb0,0x00000000b1800000)
}
Event: 20.766 GC heap before
{Heap before GC invocations=15 (full 0):
 PSYoungGen      total 210944K, used 205408K [0x00000000eaa80000, 0x00000000f8180000, 0x0000000100000000)
  eden space 202752K, 100% used [0x00000000eaa80000,0x00000000f7080000,0x00000000f7080000)
  from space 8192K, 32% used [0x00000000f7980000,0x00000000f7c181b0,0x00000000f8180000)
  to   space 8704K, 0% used [0x00000000f7080000,0x00000000f7080000,0x00000000f7900000)
 ParOldGen       total 64000K, used 20731K [0x00000000c0000000, 0x00000000c3e80000, 0x00000000eaa80000)
  object space 64000K, 32% used [0x00000000c0000000,0x00000000c143ec38,0x00000000c3e80000)
 PSPermGen       total 28160K, used 28098K [0x00000000b0000000, 0x00000000b1b80000, 0x00000000c0000000)
  object space 28160K, 99% used [0x00000000b0000000,0x00000000b1b70a28,0x00000000b1b80000)
Event: 20.775 GC heap after
Heap after GC invocations=15 (full 0):
 PSYoungGen      total 211456K, used 5686K [0x00000000eaa80000, 0x00000000f8180000, 0x0000000100000000)
  eden space 202752K, 0% used [0x00000000eaa80000,0x00000000eaa80000,0x00000000f7080000)
  from space 8704K, 65% used [0x00000000f7080000,0x00000000f760db08,0x00000000f7900000)
  to   space 8192K, 0% used [0x00000000f7980000,0x00000000f7980000,0x00000000f8180000)
 ParOldGen       total 64000K, used 22747K [0x00000000c0000000, 0x00000000c3e80000, 0x00000000eaa80000)
  object space 64000K, 35% used [0x00000000c0000000,0x00000000c1636da0,0x00000000c3e80000)
 PSPermGen       total 28160K, used 28098K [0x00000000b0000000, 0x00000000b1b80000, 0x00000000c0000000)
  object space 28160K, 99% used [0x00000000b0000000,0x00000000b1b70a28,0x00000000b1b80000)
}
Event: 25.875 GC heap before
{Heap before GC invocations=16 (full 0):
 PSYoungGen      total 211456K, used 208438K [0x00000000eaa80000, 0x00000000f8180000, 0x0000000100000000)
  eden space 202752K, 100% used [0x00000000eaa80000,0x00000000f7080000,0x00000000f7080000)
  from space 8704K, 65% used [0x00000000f7080000,0x00000000f760db08,0x00000000f7900000)
  to   space 8192K, 0% used [0x00000000f7980000,0x00000000f7980000,0x00000000f8180000)
 ParOldGen       total 64000K, used 22747K [0x00000000c0000000, 0x00000000c3e80000, 0x00000000eaa80000)
  object space 64000K, 35% used [0x00000000c0000000,0x00000000c1636da0,0x00000000c3e80000)
 PSPermGen       total 38400K, used 38091K [0x00000000b0000000, 0x00000000b2580000, 0x00000000c0000000)
  object space 38400K, 99% used [0x00000000b0000000,0x00000000b2532f58,0x00000000b2580000)
Event: 25.928 GC heap after
Heap after GC invocations=16 (full 0):
 PSYoungGen      total 210944K, used 8177K [0x00000000eaa80000, 0x00000000f8180000, 0x0000000100000000)
  eden space 202752K, 0% used [0x00000000eaa80000,0x00000000eaa80000,0x00000000f7080000)
  from space 8192K, 99% used [0x00000000f7980000,0x00000000f817c5e0,0x00000000f8180000)
  to   space 8704K, 0% used [0x00000000f7080000,0x00000000f7080000,0x00000000f7900000)
 ParOldGen       total 64000K, used 40617K [0x00000000c0000000, 0x00000000c3e80000, 0x00000000eaa80000)
  object space 64000K, 63% used [0x00000000c0000000,0x00000000c27aa6f8,0x00000000c3e80000)
 PSPermGen       total 38400K, used 38091K [0x00000000b0000000, 0x00000000b2580000, 0x00000000c0000000)
  object space 38400K, 99% used [0x00000000b0000000,0x00000000b2532f58,0x00000000b2580000)
}
Event: 29.884 GC heap before
{Heap before GC invocations=17 (full 0):
 PSYoungGen      total 210944K, used 135749K [0x00000000eaa80000, 0x00000000f8180000, 0x0000000100000000)
  eden space 202752K, 62% used [0x00000000eaa80000,0x00000000f2715048,0x00000000f7080000)
  from space 8192K, 99% used [0x00000000f7980000,0x00000000f817c5e0,0x00000000f8180000)
  to   space 8704K, 0% used [0x00000000f7080000,0x00000000f7080000,0x00000000f7900000)
 ParOldGen       total 64000K, used 40617K [0x00000000c0000000, 0x00000000c3e80000, 0x00000000eaa80000)
  object space 64000K, 63% used [0x00000000c0000000,0x00000000c27aa6f8,0x00000000c3e80000)
 PSPermGen       total 41984K, used 41868K [0x00000000b0000000, 0x00000000b2900000, 0x00000000c0000000)
  object space 41984K, 99% used [0x00000000b0000000,0x00000000b28e32e8,0x00000000b2900000)
Event: 29.940 GC heap after
Heap after GC invocations=17 (full 0):
 PSYoungGen      total 211456K, used 8699K [0x00000000eaa80000, 0x00000000f8180000, 0x0000000100000000)
  eden space 202752K, 0% used [0x00000000eaa80000,0x00000000eaa80000,0x00000000f7080000)
  from space 8704K, 99% used [0x00000000f7080000,0x00000000f78feea0,0x00000000f7900000)
  to   space 8192K, 0% used [0x00000000f7980000,0x00000000f7980000,0x00000000f8180000)
 ParOldGen       total 64000K, used 53588K [0x00000000c0000000, 0x00000000c3e80000, 0x00000000eaa80000)
  object space 64000K, 83% used [0x00000000c0000000,0x00000000c34552f0,0x00000000c3e80000)
 PSPermGen       total 41984K, used 41868K [0x00000000b0000000, 0x00000000b2900000, 0x00000000c0000000)
  object space 41984K, 99% used [0x00000000b0000000,0x00000000b28e32e8,0x00000000b2900000)
}
Event: 29.940 GC heap before
{Heap before GC invocations=18 (full 1):
 PSYoungGen      total 211456K, used 8699K [0x00000000eaa80000, 0x00000000f8180000, 0x0000000100000000)
  eden space 202752K, 0% used [0x00000000eaa80000,0x00000000eaa80000,0x00000000f7080000)
  from space 8704K, 99% used [0x00000000f7080000,0x00000000f78feea0,0x00000000f7900000)
  to   space 8192K, 0% used [0x00000000f7980000,0x00000000f7980000,0x00000000f8180000)
 ParOldGen       total 64000K, used 53588K [0x00000000c0000000, 0x00000000c3e80000, 0x00000000eaa80000)
  object space 64000K, 83% used [0x00000000c0000000,0x00000000c34552f0,0x00000000c3e80000)
 PSPermGen       total 41984K, used 41868K [0x00000000b0000000, 0x00000000b2900000, 0x00000000c0000000)
  object space 41984K, 99% used [0x00000000b0000000,0x00000000b28e32e8,0x00000000b2900000)
Event: 30.421 GC heap after
Heap after GC invocations=18 (full 1):
 PSYoungGen      total 211456K, used 0K [0x00000000eaa80000, 0x00000000f8180000, 0x0000000100000000)
  eden space 202752K, 0% used [0x00000000eaa80000,0x00000000eaa80000,0x00000000f7080000)
  from space 8704K, 0% used [0x00000000f7080000,0x00000000f7080000,0x00000000f7900000)
  to   space 8192K, 0% used [0x00000000f7980000,0x00000000f7980000,0x00000000f8180000)
 ParOldGen       total 64000K, used 51871K [0x00000000c0000000, 0x00000000c3e80000, 0x00000000eaa80000)
  object space 64000K, 81% used [0x00000000c0000000,0x00000000c32a7ed8,0x00000000c3e80000)
 PSPermGen       total 83968K, used 41694K [0x00000000b0000000, 0x00000000b5200000, 0x00000000c0000000)
  object space 83968K, 49% used [0x00000000b0000000,0x00000000b28b7888,0x00000000b5200000)
}

