# JRE version: Java(TM) SE Runtime Environment (7.0_79-b15) (build 1.7.0_79-b15)
# Java VM: Java HotSpot(TM) 64-Bit Server VM (24.79-b02 mixed mode windows-amd64 compressed oops)
Heap
 PSYoungGen      total 209408K, used 157211K [0x00000000eaa80000, 0x00000000f8080000, 0x0000000100000000)
  eden space 200192K, 73% used [0x00000000eaa80000,0x00000000f3b09ea8,0x00000000f6e00000)
  from space 9216K, 99% used [0x00000000f6e00000,0x00000000f76fd020,0x00000000f7700000)
  to   space 8704K, 0% used [0x00000000f7700000,0x00000000f7700000,0x00000000f7f80000)
 ParOldGen       total 64000K, used 27128K [0x00000000c0000000, 0x00000000c3e80000, 0x00000000eaa80000)
  object space 64000K, 42% used [0x00000000c0000000,0x00000000c1a7e360,0x00000000c3e80000)
 PSPermGen       total 39424K, used 39010K [0x00000000b0000000, 0x00000000b2680000, 0x00000000c0000000)
  object space 39424K, 98% used [0x00000000b0000000,0x00000000b2618bb0,0x00000000b2680000)
GC Heap History (10 events):
Event: 4.196 GC heap before
{Heap before GC invocations=5 (full 0):
 PSYoungGen      total 53760K, used 53728K [0x00000000eaa80000, 0x00000000ee280000, 0x0000000100000000)
  eden space 50176K, 100% used [0x00000000eaa80000,0x00000000edb80000,0x00000000edb80000)
  from space 3584K, 99% used [0x00000000edf00000,0x00000000ee278020,0x00000000ee280000)
  to   space 3584K, 0% used [0x00000000edb80000,0x00000000edb80000,0x00000000edf00000)
 ParOldGen       total 64000K, used 7600K [0x00000000c0000000, 0x00000000c3e80000, 0x00000000eaa80000)
  object space 64000K, 11% used [0x00000000c0000000,0x00000000c076c1e0,0x00000000c3e80000)
 PSPermGen       total 21504K, used 21310K [0x00000000b0000000, 0x00000000b1500000, 0x00000000c0000000)
  object space 21504K, 99% used [0x00000000b0000000,0x00000000b14cfb18,0x00000000b1500000)
Event: 4.206 GC heap after
Heap after GC invocations=5 (full 0):
 PSYoungGen      total 53760K, used 3556K [0x00000000eaa80000, 0x00000000f1d80000, 0x0000000100000000)
  eden space 50176K, 0% used [0x00000000eaa80000,0x00000000eaa80000,0x00000000edb80000)
  from space 3584K, 99% used [0x00000000edb80000,0x00000000edef9100,0x00000000edf00000)
  to   space 8704K, 0% used [0x00000000f1500000,0x00000000f1500000,0x00000000f1d80000)
 ParOldGen       total 64000K, used 11138K [0x00000000c0000000, 0x00000000c3e80000, 0x00000000eaa80000)
  object space 64000K, 17% used [0x00000000c0000000,0x00000000c0ae09d0,0x00000000c3e80000)
 PSPermGen       total 21504K, used 21310K [0x00000000b0000000, 0x00000000b1500000, 0x00000000c0000000)
  object space 21504K, 99% used [0x00000000b0000000,0x00000000b14cfb18,0x00000000b1500000)
}
Event: 4.409 GC heap before
{Heap before GC invocations=6 (full 0):
 PSYoungGen      total 53760K, used 53732K [0x00000000eaa80000, 0x00000000f1d80000, 0x0000000100000000)
  eden space 50176K, 100% used [0x00000000eaa80000,0x00000000edb80000,0x00000000edb80000)
  from space 3584K, 99% used [0x00000000edb80000,0x00000000edef9100,0x00000000edf00000)
  to   space 8704K, 0% used [0x00000000f1500000,0x00000000f1500000,0x00000000f1d80000)
 ParOldGen       total 64000K, used 11138K [0x00000000c0000000, 0x00000000c3e80000, 0x00000000eaa80000)
  object space 64000K, 17% used [0x00000000c0000000,0x00000000c0ae09d0,0x00000000c3e80000)
 PSPermGen       total 21504K, used 21315K [0x00000000b0000000, 0x00000000b1500000, 0x00000000c0000000)
  object space 21504K, 99% used [0x00000000b0000000,0x00000000b14d0f58,0x00000000b1500000)
Event: 4.417 GC heap after
Heap after GC invocations=6 (full 0):
 PSYoungGen      total 109056K, used 3924K [0x00000000eaa80000, 0x00000000f1d80000, 0x0000000100000000)
  eden space 100352K, 0% used [0x00000000eaa80000,0x00000000eaa80000,0x00000000f0c80000)
  from space 8704K, 45% used [0x00000000f1500000,0x00000000f18d50f0,0x00000000f1d80000)
  to   space 8704K, 0% used [0x00000000f0c80000,0x00000000f0c80000,0x00000000f1500000)
 ParOldGen       total 64000K, used 11138K [0x00000000c0000000, 0x00000000c3e80000, 0x00000000eaa80000)
  object space 64000K, 17% used [0x00000000c0000000,0x00000000c0ae09d0,0x00000000c3e80000)
 PSPermGen       total 21504K, used 21315K [0x00000000b0000000, 0x00000000b1500000, 0x00000000c0000000)
  object space 21504K, 99% used [0x00000000b0000000,0x00000000b14d0f58,0x00000000b1500000)
}
Event: 4.876 GC heap before
{Heap before GC invocations=7 (full 0):
 PSYoungGen      total 109056K, used 104276K [0x00000000eaa80000, 0x00000000f1d80000, 0x0000000100000000)
  eden space 100352K, 100% used [0x00000000eaa80000,0x00000000f0c80000,0x00000000f0c80000)
  from space 8704K, 45% used [0x00000000f1500000,0x00000000f18d50f0,0x00000000f1d80000)
  to   space 8704K, 0% used [0x00000000f0c80000,0x00000000f0c80000,0x00000000f1500000)
 ParOldGen       total 64000K, used 11138K [0x00000000c0000000, 0x00000000c3e80000, 0x00000000eaa80000)
  object space 64000K, 17% used [0x00000000c0000000,0x00000000c0ae09d0,0x00000000c3e80000)
 PSPermGen       total 21504K, used 21341K [0x00000000b0000000, 0x00000000b1500000, 0x00000000c0000000)
  object space 21504K, 99% used [0x00000000b0000000,0x00000000b14d7720,0x00000000b1500000)
Event: 4.885 GC heap after
Heap after GC invocations=7 (full 0):
 PSYoungGen      total 109056K, used 3480K [0x00000000eaa80000, 0x00000000f7f80000, 0x0000000100000000)
  eden space 100352K, 0% used [0x00000000eaa80000,0x00000000eaa80000,0x00000000f0c80000)
  from space 8704K, 39% used [0x00000000f0c80000,0x00000000f0fe60f0,0x00000000f1500000)
  to   space 8704K, 0% used [0x00000000f7700000,0x00000000f7700000,0x00000000f7f80000)
 ParOldGen       total 64000K, used 12098K [0x00000000c0000000, 0x00000000c3e80000, 0x00000000eaa80000)
  object space 64000K, 18% used [0x00000000c0000000,0x00000000c0bd0af8,0x00000000c3e80000)
 PSPermGen       total 21504K, used 21341K [0x00000000b0000000, 0x00000000b1500000, 0x00000000c0000000)
  object space 21504K, 99% used [0x00000000b0000000,0x00000000b14d7720,0x00000000b1500000)
}
Event: 5.310 GC heap before
{Heap before GC invocations=8 (full 0):
 PSYoungGen      total 109056K, used 103832K [0x00000000eaa80000, 0x00000000f7f80000, 0x0000000100000000)
  eden space 100352K, 100% used [0x00000000eaa80000,0x00000000f0c80000,0x00000000f0c80000)
  from space 8704K, 39% used [0x00000000f0c80000,0x00000000f0fe60f0,0x00000000f1500000)
  to   space 8704K, 0% used [0x00000000f7700000,0x00000000f7700000,0x00000000f7f80000)
 ParOldGen       total 64000K, used 12098K [0x00000000c0000000, 0x00000000c3e80000, 0x00000000eaa80000)
  object space 64000K, 18% used [0x00000000c0000000,0x00000000c0bd0af8,0x00000000c3e80000)
 PSPermGen       total 21504K, used 21360K [0x00000000b0000000, 0x00000000b1500000, 0x00000000c0000000)
  object space 21504K, 99% used [0x00000000b0000000,0x00000000b14dc390,0x00000000b1500000)
Event: 5.317 GC heap after
Heap after GC invocations=8 (full 0):
 PSYoungGen      total 208896K, used 2436K [0x00000000eaa80000, 0x00000000f8080000, 0x0000000100000000)
  eden space 200192K, 0% used [0x00000000eaa80000,0x00000000eaa80000,0x00000000f6e00000)
  from space 8704K, 27% used [0x00000000f7700000,0x00000000f79610f0,0x00000000f7f80000)
  to   space 9216K, 0% used [0x00000000f6e00000,0x00000000f6e00000,0x00000000f7700000)
 ParOldGen       total 64000K, used 13556K [0x00000000c0000000, 0x00000000c3e80000, 0x00000000eaa80000)
  object space 64000K, 21% used [0x00000000c0000000,0x00000000c0d3d358,0x00000000c3e80000)
 PSPermGen       total 21504K, used 21360K [0x00000000b0000000, 0x00000000b1500000, 0x00000000c0000000)
  object space 21504K, 99% used [0x00000000b0000000,0x00000000b14dc390,0x00000000b1500000)
}
Event: 9.870 GC heap before
{Heap before GC invocations=9 (full 0):
 PSYoungGen      total 208896K, used 202628K [0x00000000eaa80000, 0x00000000f8080000, 0x0000000100000000)
  eden space 200192K, 100% used [0x00000000eaa80000,0x00000000f6e00000,0x00000000f6e00000)
  from space 8704K, 27% used [0x00000000f7700000,0x00000000f79610f0,0x00000000f7f80000)
  to   space 9216K, 0% used [0x00000000f6e00000,0x00000000f6e00000,0x00000000f7700000)
 ParOldGen       total 64000K, used 13556K [0x00000000c0000000, 0x00000000c3e80000, 0x00000000eaa80000)
  object space 64000K, 21% used [0x00000000c0000000,0x00000000c0d3d358,0x00000000c3e80000)
 PSPermGen       total 33280K, used 32907K [0x00000000b0000000, 0x00000000b2080000, 0x00000000c0000000)
  object space 33280K, 98% used [0x00000000b0000000,0x00000000b2022fe0,0x00000000b2080000)
Event: 9.920 GC heap after
Heap after GC invocations=9 (full 0):
 PSYoungGen      total 209408K, used 9204K [0x00000000eaa80000, 0x00000000f8080000, 0x0000000100000000)
  eden space 200192K, 0% used [0x00000000eaa80000,0x00000000eaa80000,0x00000000f6e00000)
  from space 9216K, 99% used [0x00000000f6e00000,0x00000000f76fd020,0x00000000f7700000)
  to   space 8704K, 0% used [0x00000000f7700000,0x00000000f7700000,0x00000000f7f80000)
 ParOldGen       total 64000K, used 27128K [0x00000000c0000000, 0x00000000c3e80000, 0x00000000eaa80000)
  object space 64000K, 42% used [0x00000000c0000000,0x00000000c1a7e360,0x00000000c3e80000)
 PSPermGen       total 33280K, used 32907K [0x00000000b0000000, 0x00000000b2080000, 0x00000000c0000000)
  object space 33280K, 98% used [0x00000000b0000000,0x00000000b2022fe0,0x00000000b2080000)
}

